生成启动时间为 2016/10/27 23:50:34。
     1>项目“C:\Users\Administrator\Documents\Visual Studio 2013\Projects\camera\Camera\cv_vs12\cv_vs12.vcxproj”在节点 2 上(Rebuild 个目标)。
     1>ClCompile:
         C:\Program Files (x86)\Microsoft Visual Studio 12.0\VC\bin\CL.exe /c /ZI /nologo /W3 /WX- /sdl /Od /Oy- /D _MBCS /Gm /EHsc /RTC1 /MDd /GS /fp:precise /Zc:wchar_t /Zc:forScope /Fo"Debug\\" /Fd"Debug\vc120.pdb" /Gd /TP /analyze- /errorReport:prompt ConnectComponent.cpp main.cpp
         main.cpp
         ConnectComponent.cpp
         正在生成代码...
         C:\Program Files (x86)\Microsoft Visual Studio 12.0\VC\bin\CL.exe /c /ZI /nologo /W3 /WX- /sdl /Od /Oy- /D _MBCS /Gm /EHsc /RTC1 /MDd /GS /fp:precise /Zc:wchar_t /Zc:forScope /Fo"Debug\\" /Fd"Debug\vc120.pdb" /Gd /TC /analyze- /errorReport:prompt ImageProcess.c
         ImageProcess.c
     1>c:\users\administrator\documents\visual studio 2013\projects\camera\camera\cv_vs12\imageprocess.c(47): warning C4305: “=”: 从“double”到“float”截断
     1>c:\users\administrator\documents\visual studio 2013\projects\camera\camera\cv_vs12\imageprocess.c(48): warning C4244: “=”: 从“double”转换到“float”，可能丢失数据
     1>c:\users\administrator\documents\visual studio 2013\projects\camera\camera\cv_vs12\imageprocess.c(57): warning C4715: “DetermineVector”: 不是所有的控件路径都返回值
       Link:
         C:\Program Files (x86)\Microsoft Visual Studio 12.0\VC\bin\link.exe /ERRORREPORT:PROMPT /OUT:"C:\Users\Administrator\Documents\Visual Studio 2013\Projects\camera\Camera\Debug\StarTractor.exe" /INCREMENTAL /NOLOGO opencv_ml2413d.lib opencv_calib3d2413d.lib opencv_contrib2413d.lib opencv_core2413d.lib opencv_features2d2413d.lib opencv_flann2413d.lib opencv_gpu2413d.lib opencv_highgui2413d.lib opencv_imgproc2413d.lib opencv_legacy2413d.lib opencv_objdetect2413d.lib opencv_ts2413d.lib opencv_video2413d.lib opencv_nonfree2413d.lib opencv_ocl2413d.lib opencv_photo2413d.lib opencv_stitching2413d.lib opencv_superres2413d.lib opencv_videostab2413d.lib kernel32.lib user32.lib gdi32.lib winspool.lib comdlg32.lib advapi32.lib shell32.lib ole32.lib oleaut32.lib uuid.lib odbc32.lib odbccp32.lib /MANIFEST /MANIFESTUAC:"level='asInvoker' uiAccess='false'" /manifest:embed /DEBUG /PDB:"C:\Users\Administrator\Documents\Visual Studio 2013\Projects\camera\Camera\Debug\StarTractor.pdb" /TLBID:1 /DYNAMICBASE /NXCOMPAT /IMPLIB:"C:\Users\Administrator\Documents\Visual Studio 2013\Projects\camera\Camera\Debug\StarTractor.lib" /MACHINE:X86 Debug\ConnectComponent.obj
         Debug\ImageProcess.obj
         Debug\main.obj
         cv_vs12.vcxproj -> C:\Users\Administrator\Documents\Visual Studio 2013\Projects\camera\Camera\Debug\StarTractor.exe
     1>已完成生成项目“C:\Users\Administrator\Documents\Visual Studio 2013\Projects\camera\Camera\cv_vs12\cv_vs12.vcxproj”(Rebuild 个目标)的操作。

生成成功。

已用时间 00:00:02.77
